<?xml version="1.0" encoding="UTF-8"?>
<!-- Generated by org.testng.reporters.JUnitReportReporter -->
<testsuite hostname="DESKTOP-R3MDHTL" failures="0" tests="1" name="testNG.NewTest" time="9.890" errors="0" timestamp="2022-07-20T21:51:11 IST" skipped="0">
  <testcase classname="testNG.NewTest" name="kitelaunch" time="9.890"/>
  <system-out/>
</testsuite> <!-- testNG.NewTest -->
