<?xml version="1.0" encoding="UTF-8"?>
<!-- Generated by org.testng.reporters.JUnitReportReporter -->
<testsuite hostname="DESKTOP-R3MDHTL" failures="0" tests="1" name="TestNGParallel.parallel2" time="18.189" errors="0" timestamp="2022-07-27T12:10:37 IST" skipped="0">
  <testcase classname="TestNGParallel.parallel2" name="Paytm" time="18.189"/>
  <system-out/>
</testsuite> <!-- TestNGParallel.parallel2 -->
