<?xml version="1.0" encoding="UTF-8"?>
<!-- Generated by org.testng.reporters.JUnitReportReporter -->
<testsuite hostname="DESKTOP-R3MDHTL" failures="0" tests="1" name="TestNGAsserts.AssertTrueStudy" time="0.019" errors="0" timestamp="2022-07-28T22:26:52 IST" skipped="0">
  <testcase classname="TestNGAsserts.AssertTrueStudy" name="truefalse" time="0.019"/>
  <system-out/>
</testsuite> <!-- TestNGAsserts.AssertTrueStudy -->
