<?xml version="1.0" encoding="UTF-8"?>
<!-- Generated by org.testng.reporters.JUnitReportReporter -->
<testsuite hostname="DESKTOP-R3MDHTL" failures="0" tests="2" name="testNG.ZerodhaTestNG" time="14.879" errors="0" timestamp="2022-07-27T12:12:30 IST" skipped="0">
  <testcase classname="testNG.ZerodhaTestNG" name="paytm" time="6.400"/>
  <system-out/>
  <testcase classname="testNG.ZerodhaTestNG" name="kitelaunch" time="8.479"/>
  <system-out/>
</testsuite> <!-- testNG.ZerodhaTestNG -->
