<?xml version="1.0" encoding="UTF-8"?>
<!-- Generated by org.testng.reporters.JUnitReportReporter -->
<testsuite hostname="DESKTOP-R3MDHTL" failures="0" tests="2" name="testNG_Annotations.Annotations_study" time="0.015" errors="0" timestamp="2022-07-25T12:19:41 IST" skipped="0">
  <testcase classname="testNG_Annotations.Annotations_study" name="testclass2" time="0.004"/>
  <system-out>
    <![CDATA[this is new test class method2]]>
  </system-out>
  <testcase classname="testNG_Annotations.Annotations_study" name="homepage" time="0.011"/>
  <system-out>
    <![CDATA[this is homepage test method]]>
  </system-out>
</testsuite> <!-- testNG_Annotations.Annotations_study -->
