<?xml version="1.0" encoding="UTF-8"?>
<!-- Generated by org.testng.reporters.JUnitReportReporter -->
<testsuite hostname="DESKTOP-R3MDHTL" failures="0" tests="6" name="testNGKeywords.Enabled_Study" time="0.024" errors="0" timestamp="2022-07-23T16:01:54 IST" skipped="2">
  <testcase classname="testNGKeywords.Enabled_Study" name="d" time="0.004"/>
  <system-out>
    <![CDATA[this is d]]>
  </system-out>
  <testcase classname="testNGKeywords.Enabled_Study" name="c" time="0.002"/>
  <system-out>
    <![CDATA[this is c]]>
  </system-out>
  <testcase classname="testNGKeywords.Enabled_Study" name="b" time="0.015"/>
  <system-out>
    <![CDATA[this is b]]>
  </system-out>
  <testcase classname="testNGKeywords.Enabled_Study" name="e" time="0.003"/>
  <system-out>
    <![CDATA[this is e]]>
  </system-out>
  <testcase classname="testNGKeywords.Enabled_Study" name="f">
    <skipped/>
  </testcase> <!-- f -->
  <system-out/>
  <testcase classname="testNGKeywords.Enabled_Study" name="a">
    <skipped/>
  </testcase> <!-- a -->
  <system-out/>
</testsuite> <!-- testNGKeywords.Enabled_Study -->
