<?xml version="1.0" encoding="UTF-8"?>
<!-- Generated by org.testng.reporters.JUnitReportReporter -->
<testsuite hostname="DESKTOP-R3MDHTL" failures="0" tests="6" name="testNGKeywords.Priority" time="0.027" errors="0" timestamp="2022-07-23T15:59:30 IST" skipped="0">
  <testcase classname="testNGKeywords.Priority" name="d" time="0.014"/>
  <system-out>
    <![CDATA[this is d]]>
  </system-out>
  <testcase classname="testNGKeywords.Priority" name="f" time="0.003"/>
  <system-out>
    <![CDATA[this is f]]>
  </system-out>
  <testcase classname="testNGKeywords.Priority" name="b" time="0.002"/>
  <system-out>
    <![CDATA[this is b]]>
  </system-out>
  <testcase classname="testNGKeywords.Priority" name="e" time="0.004"/>
  <system-out>
    <![CDATA[this is e]]>
  </system-out>
  <testcase classname="testNGKeywords.Priority" name="a" time="0.001"/>
  <system-out>
    <![CDATA[this is a]]>
  </system-out>
  <testcase classname="testNGKeywords.Priority" name="c" time="0.003"/>
  <system-out>
    <![CDATA[this is c]]>
  </system-out>
</testsuite> <!-- testNGKeywords.Priority -->
