<?xml version="1.0" encoding="UTF-8"?>
<!-- Generated by org.testng.reporters.JUnitReportReporter -->
<testsuite hostname="DESKTOP-R3MDHTL" failures="0" tests="2" name="TestNGAsserts.AssertEqualsStudy" time="0.015" errors="0" timestamp="2022-07-28T22:21:15 IST" skipped="0">
  <testcase classname="TestNGAsserts.AssertEqualsStudy" name="equals" time="0.014"/>
  <system-out/>
  <testcase classname="TestNGAsserts.AssertEqualsStudy" name="notEqualsmethod" time="0.001"/>
  <system-out/>
</testsuite> <!-- TestNGAsserts.AssertEqualsStudy -->
