<?xml version="1.0" encoding="UTF-8"?>
<!-- Generated by org.testng.reporters.JUnitReportReporter -->
<testsuite hostname="DESKTOP-R3MDHTL" failures="0" tests="8" name="testNGKeywords.Invocation" time="0.031" errors="0" timestamp="2022-07-23T15:55:57 IST" skipped="0">
  <testcase classname="testNGKeywords.Invocation" name="e" time="0.005"/>
  <system-out>
    <![CDATA[this is e]]>
  </system-out>
  <testcase classname="testNGKeywords.Invocation" name="b" time="0.002"/>
  <system-out>
    <![CDATA[this is b]]>
  </system-out>
  <testcase classname="testNGKeywords.Invocation" name="a" time="0.002"/>
  <system-out>
    <![CDATA[this is a]]>
  </system-out>
  <testcase classname="testNGKeywords.Invocation" name="a" time="0.015"/>
  <system-out>
    <![CDATA[this is a]]>
  </system-out>
  <testcase classname="testNGKeywords.Invocation" name="a" time="0.002"/>
  <system-out>
    <![CDATA[this is a]]>
  </system-out>
  <testcase classname="testNGKeywords.Invocation" name="c" time="0.002"/>
  <system-out>
    <![CDATA[this is c]]>
  </system-out>
  <testcase classname="testNGKeywords.Invocation" name="d" time="0.002"/>
  <system-out>
    <![CDATA[this is d]]>
  </system-out>
  <testcase classname="testNGKeywords.Invocation" name="f" time="0.001"/>
  <system-out>
    <![CDATA[this is f]]>
  </system-out>
</testsuite> <!-- testNGKeywords.Invocation -->
