<?xml version="1.0" encoding="UTF-8"?>
<!-- Generated by org.testng.reporters.JUnitReportReporter -->
<testsuite hostname="DESKTOP-R3MDHTL" failures="0" tests="1" name="TestNGParallel.parallelExecution" time="15.946" errors="0" timestamp="2022-07-27T12:10:36 IST" skipped="0">
  <testcase classname="TestNGParallel.parallelExecution" name="Groww" time="15.946"/>
  <system-out/>
</testsuite> <!-- TestNGParallel.parallelExecution -->
