<?xml version="1.0" encoding="UTF-8"?>
<!-- Generated by org.testng.reporters.JUnitReportReporter -->
<testsuite hostname="DESKTOP-R3MDHTL" failures="0" tests="1" name="testNG.Basics2" time="0.025" errors="0" timestamp="2022-07-21T21:58:24 IST" skipped="0">
  <testcase classname="testNG.Basics2" name="test" time="0.025"/>
  <system-out>
    <![CDATA[this is reportar log withought boolean
this is reporter log with boolean]]>
  </system-out>
</testsuite> <!-- testNG.Basics2 -->
