<?xml version="1.0" encoding="UTF-8"?>
<!-- Generated by org.testng.reporters.JUnitReportReporter -->
<testsuite hostname="DESKTOP-R3MDHTL" failures="0" tests="1" name="testNG.Test2" time="13.396" errors="0" timestamp="2022-07-25T09:58:08 IST" skipped="0">
  <testcase classname="testNG.Test2" name="Groww" time="13.396"/>
  <system-out/>
</testsuite> <!-- testNG.Test2 -->
