<?xml version="1.0" encoding="UTF-8"?>
<!-- Generated by org.testng.reporters.JUnitReportReporter -->
<testsuite hostname="DESKTOP-R3MDHTL" failures="0" tests="6" name="testNGKeywords.NewTest" time="0.023" errors="0" timestamp="2022-07-23T15:51:43 IST" skipped="0">
  <testcase classname="testNGKeywords.NewTest" name="a" time="0.014"/>
  <system-out>
    <![CDATA[this is a]]>
  </system-out>
  <testcase classname="testNGKeywords.NewTest" name="e" time="0.002"/>
  <system-out>
    <![CDATA[this is e]]>
  </system-out>
  <testcase classname="testNGKeywords.NewTest" name="b" time="0.001"/>
  <system-out>
    <![CDATA[this is b]]>
  </system-out>
  <testcase classname="testNGKeywords.NewTest" name="c" time="0.002"/>
  <system-out>
    <![CDATA[this is c]]>
  </system-out>
  <testcase classname="testNGKeywords.NewTest" name="d" time="0.002"/>
  <system-out>
    <![CDATA[this is d]]>
  </system-out>
  <testcase classname="testNGKeywords.NewTest" name="f" time="0.002"/>
  <system-out>
    <![CDATA[this is f]]>
  </system-out>
</testsuite> <!-- testNGKeywords.NewTest -->
