<?xml version="1.0" encoding="UTF-8"?>
<!-- Generated by org.testng.reporters.JUnitReportReporter -->
<testsuite hostname="DESKTOP-R3MDHTL" failures="0" tests="1" name="testNGkite.kiteTestclassTestNG" time="7.074" errors="0" timestamp="2022-07-30T17:20:15 IST" skipped="0">
  <testcase classname="testNGkite.kiteTestclassTestNG" name="validateUserId" time="7.074"/>
  <system-out>
    <![CDATA[validated actual and expected userID test case pass]]>
  </system-out>
</testsuite> <!-- testNGkite.kiteTestclassTestNG -->
