<?xml version="1.0" encoding="UTF-8"?>
<!-- Generated by org.testng.reporters.JUnitReportReporter -->
<testsuite hostname="DESKTOP-R3MDHTL" failures="0" tests="3" name="xmlTestNG.test2" time="0.005" errors="0" timestamp="2022-07-26T20:15:56 IST" skipped="0">
  <testcase classname="xmlTestNG.test2" name="c" time="0.002"/>
  <system-out>
    <![CDATA[this is c]]>
  </system-out>
  <testcase classname="xmlTestNG.test2" name="d" time="0.001"/>
  <system-out>
    <![CDATA[this is d]]>
  </system-out>
  <testcase classname="xmlTestNG.test2" name="a" time="0.002"/>
  <system-out>
    <![CDATA[this is a]]>
  </system-out>
</testsuite> <!-- xmlTestNG.test2 -->
