<?xml version="1.0" encoding="UTF-8"?>
<!-- Generated by org.testng.reporters.JUnitReportReporter -->
<testsuite hostname="DESKTOP-R3MDHTL" failures="0" tests="1" name="testNG_Annotations.Annotations" time="0.016" errors="0" timestamp="2022-07-21T22:49:12 IST" skipped="0">
  <testcase classname="testNG_Annotations.Annotations" name="homepage" time="0.016"/>
  <system-out>
    <![CDATA[this is homepage]]>
  </system-out>
</testsuite> <!-- testNG_Annotations.Annotations -->
