<?xml version="1.0" encoding="UTF-8"?>
<!-- Generated by org.testng.reporters.JUnitReportReporter -->
<testsuite hostname="DESKTOP-R3MDHTL" failures="0" tests="3" name="xmlTestNG.test1" time="0.021" errors="0" timestamp="2022-07-26T20:15:56 IST" skipped="0">
  <testcase classname="xmlTestNG.test1" name="a" time="0.016"/>
  <system-out>
    <![CDATA[this is a]]>
  </system-out>
  <testcase classname="xmlTestNG.test1" name="b" time="0.002"/>
  <system-out>
    <![CDATA[this is b]]>
  </system-out>
  <testcase classname="xmlTestNG.test1" name="d" time="0.003"/>
  <system-out>
    <![CDATA[this is d]]>
  </system-out>
</testsuite> <!-- xmlTestNG.test1 -->
