<?xml version="1.0" encoding="UTF-8"?>
<!-- Generated by org.testng.reporters.JUnitReportReporter -->
<testsuite hostname="DESKTOP-R3MDHTL" failures="0" tests="1" name="testNG.GrowwTestNG" time="13.896" errors="0" timestamp="2022-08-08T22:33:02 IST" skipped="0">
  <testcase classname="testNG.GrowwTestNG" name="Groww" time="13.896"/>
  <system-out/>
</testsuite> <!-- testNG.GrowwTestNG -->
