<?xml version="1.0" encoding="UTF-8"?>
<!-- Generated by org.testng.reporters.JUnitReportReporter -->
<testsuite hostname="DESKTOP-R3MDHTL" failures="0" tests="4" name="testNGKeywords.DependsOnMethodStudy" time="0.092" errors="0" timestamp="2022-07-25T21:54:39 IST" skipped="0">
  <testcase classname="testNGKeywords.DependsOnMethodStudy" name="carON" time="0.084"/>
  <system-out>
    <![CDATA[started the car]]>
  </system-out>
  <testcase classname="testNGKeywords.DependsOnMethodStudy" name="carRunning" time="0.004"/>
  <system-out>
    <![CDATA[car is running]]>
  </system-out>
  <testcase classname="testNGKeywords.DependsOnMethodStudy" name="carStopped" time="0.002"/>
  <system-out>
    <![CDATA[car has stopped]]>
  </system-out>
  <testcase classname="testNGKeywords.DependsOnMethodStudy" name="carParked" time="0.002"/>
  <system-out>
    <![CDATA[car had been parked]]>
  </system-out>
</testsuite> <!-- testNGKeywords.DependsOnMethodStudy -->
