<?xml version="1.0" encoding="UTF-8"?>
<!-- Generated by org.testng.reporters.JUnitReportReporter -->
<testsuite hostname="DESKTOP-R3MDHTL" failures="0" tests="1" name="testNG.GrowwTestNG" time="18.250" errors="0" timestamp="2022-07-27T12:12:30 IST" skipped="0">
  <testcase classname="testNG.GrowwTestNG" name="Groww" time="18.250"/>
  <system-out/>
</testsuite> <!-- testNG.GrowwTestNG -->
