<?xml version="1.0" encoding="UTF-8"?>
<!-- Generated by org.testng.reporters.JUnitReportReporter -->
<testsuite hostname="DESKTOP-R3MDHTL" failures="0" tests="5" name="policyBazzar.TestClass" time="12.372" errors="0" timestamp="2022-08-08T21:40:28 IST" skipped="0">
  <testcase classname="policyBazzar.TestClass" name="openTermLife" time="10.887"/>
  <system-out>
    <![CDATA[On test case started openTermLife
test cases successfully passed openTermLife]]>
  </system-out>
  <testcase classname="policyBazzar.TestClass" name="sendMOB" time="0.329"/>
  <system-out>
    <![CDATA[On test case started sendMOB
test cases successfully passed sendMOB]]>
  </system-out>
  <testcase classname="policyBazzar.TestClass" name="sumitButton" time="0.542"/>
  <system-out>
    <![CDATA[On test case started sumitButton
test cases successfully passed sumitButton]]>
  </system-out>
  <testcase classname="policyBazzar.TestClass" name="sendDOB" time="0.458"/>
  <system-out>
    <![CDATA[On test case started sendDOB
test cases successfully passed sendDOB]]>
  </system-out>
  <testcase classname="policyBazzar.TestClass" name="sendName" time="0.156"/>
  <system-out>
    <![CDATA[On test case started sendName
test cases successfully passed sendName]]>
  </system-out>
</testsuite> <!-- policyBazzar.TestClass -->
